<?xml version="1.0" encoding="UTF-8"?>
<!-- Generated by org.testng.reporters.JUnitReportReporter -->
<testsuite hostname="ebpadmin-ideacentre-A340-24IWL" failures="0" tests="1" name="testCases.TC002_LoginTest" time="1.343" errors="0" timestamp="2025-05-12T15:26:08 NPT" skipped="0">
  <testcase classname="testCases.TC002_LoginTest" name="verify_login" time="1.343"/>
</testsuite> <!-- testCases.TC002_LoginTest -->
