<?xml version="1.0" encoding="UTF-8"?>
<!-- Generated by org.testng.reporters.JUnitReportReporter -->
<testsuite hostname="ebpadmin-ideacentre-A340-24IWL" failures="0" tests="3" name="testCases.TC001_AccountRegistrationTest" time="5.562" errors="0" timestamp="2025-04-24T17:07:52 NPT" skipped="0">
  <testcase classname="testCases.TC001_AccountRegistrationTest" name="verify_account_registration" time="1.885"/>
  <testcase classname="testCases.TC001_AccountRegistrationTest" name="verify_account_registration" time="1.900"/>
  <testcase classname="testCases.TC001_AccountRegistrationTest" name="verify_account_registration" time="1.777"/>
</testsuite> <!-- testCases.TC001_AccountRegistrationTest -->
