<?xml version="1.0" encoding="UTF-8"?>
<!-- Generated by org.testng.reporters.JUnitReportReporter -->
<testsuite hostname="ebpadmin-ideacentre-A340-24IWL" failures="0" tests="1" name="testCases.TC002_LoginTest" time="1.567" errors="0" timestamp="2025-04-29T12:31:37 NPT" skipped="0">
  <testcase classname="testCases.TC002_LoginTest" name="verify_login" time="1.567"/>
</testsuite> <!-- testCases.TC002_LoginTest -->
