<?xml version="1.0" encoding="UTF-8"?>
<!-- Generated by org.testng.reporters.JUnitReportReporter -->
<testsuite hostname="ebpadmin-ideacentre-A340-24IWL" failures="0" tests="1" name="testCases.TC001_AccountRegistrationTest" time="2.072" errors="0" timestamp="2025-04-29T12:11:38 NPT" skipped="0">
  <testcase classname="testCases.TC001_AccountRegistrationTest" name="verify_account_registration" time="2.072"/>
</testsuite> <!-- testCases.TC001_AccountRegistrationTest -->
