<?xml version="1.0" encoding="UTF-8"?>
<!-- Generated by org.testng.reporters.JUnitReportReporter -->
<testsuite hostname="ebpadmin-ideacentre-A340-24IWL" failures="0" tests="1" name="testCases.TC001_AccountRegistrationTest" time="0.711" errors="0" timestamp="2025-04-18T17:19:02 NPT" skipped="0">
  <testcase classname="testCases.TC001_AccountRegistrationTest" name="verify_account_registration" time="0.711"/>
</testsuite> <!-- testCases.TC001_AccountRegistrationTest -->
